<?xml version="1.0" encoding="UTF-8"?>
<testng-results ignored="0" total="1" passed="1" failed="0" skipped="0">
  <reporter-output>
  </reporter-output>
  <suite started-at="2021-11-12T17:07:12 IST" name="Suite" finished-at="2021-11-12T17:07:12 IST" duration-ms="61">
    <groups>
    </groups>
    <test started-at="2021-11-12T17:07:12 IST" name="Test" finished-at="2021-11-12T17:07:12 IST" duration-ms="61">
      <class name="com.crm.githubpractice.GithubPractice1Test">
        <test-method signature="smoke()[pri:0, instance:com.crm.githubpractice.GithubPractice1Test@4e268090]" started-at="2021-11-12T17:07:12 IST" name="smoke" finished-at="2021-11-12T17:07:12 IST" duration-ms="11" status="PASS">
          <reporter-output>
          </reporter-output>
        </test-method> <!-- smoke -->
      </class> <!-- com.crm.githubpractice.GithubPractice1Test -->
    </test> <!-- Test -->
  </suite> <!-- Suite -->
</testng-results>
